<?xml version="1.0" encoding="utf-8"?><testsuite errors="0" failures="0" name="pytest" skips="0" tests="7" time="0.321"><testcase classname="pytests.test_index" file="pytests/test_index.py" line="9" name="test_conda_environment_activated" time="0.0020236968994140625"></testcase><testcase classname="pytests.test_index" file="pytests/test_index.py" line="12" name="test_ceo" time="0.0009415149688720703"></testcase><testcase classname="pytests.test_index" file="pytests/test_index.py" line="16" name="test_art_vandelay" time="0.0008525848388671875"></testcase><testcase classname="pytests.test_index" file="pytests/test_index.py" line="20" name="test_ends_with_com" time="0.0005521774291992188"></testcase><testcase classname="pytests.test_index" file="pytests/test_index.py" line="24" name="test_web_address" time="0.0005412101745605469"></testcase><testcase classname="pytests.test_index" file="pytests/test_index.py" line="28" name="test_phone_num_one" time="0.0005602836608886719"></testcase><testcase classname="pytests.test_index" file="pytests/test_index.py" line="32" name="test_phone_num_two" time="0.0005817413330078125"></testcase></testsuite>